<?xml version="1.0" encoding="UTF-8"?>
<!-- Generated by org.testng.reporters.JUnitXMLReporter -->
<testsuite ignored="0" hostname="DESKTOP-DV4AI68" failures="0" tests="3" name="Test" time="0.584" errors="0" timestamp="2024-12-26T04:07:13 GMT-05:00">
  <testcase classname="First_Code.Registraion" name="Email" time="0.171"/>
  <testcase classname="First_Code.Registraion" name="Password" time="0.005"/>
  <testcase classname="First_Code.Registraion" name="Phone" time="0.011"/>
</testsuite> <!-- Test -->
