<?xml version="1.0" encoding="UTF-8"?>
<testng-results ignored="0" total="5" passed="5" failed="0" skipped="0">
  <reporter-output>
  </reporter-output>
  <suite started-at="2024-12-26T04:07:12 GMT-05:00" name="Suite" finished-at="2024-12-26T04:07:13 GMT-05:00" duration-ms="584">
    <groups>
    </groups>
    <test started-at="2024-12-26T04:07:12 GMT-05:00" name="Test" finished-at="2024-12-26T04:07:13 GMT-05:00" duration-ms="584">
      <class name="First_Code.Registraion">
        <test-method signature="Email()[pri:0, instance:First_Code.Registraion@60099951]" started-at="2024-12-26T04:07:12 GMT-05:00" name="Email" finished-at="2024-12-26T04:07:12 GMT-05:00" duration-ms="171" status="PASS">
          <reporter-output>
          </reporter-output>
        </test-method> <!-- Email -->
        <test-method signature="Password()[pri:0, instance:First_Code.Registraion@60099951]" started-at="2024-12-26T04:07:13 GMT-05:00" name="Password" finished-at="2024-12-26T04:07:13 GMT-05:00" duration-ms="5" status="PASS">
          <reporter-output>
          </reporter-output>
        </test-method> <!-- Password -->
        <test-method signature="Phone()[pri:0, instance:First_Code.Registraion@60099951]" started-at="2024-12-26T04:07:13 GMT-05:00" name="Phone" finished-at="2024-12-26T04:07:13 GMT-05:00" duration-ms="11" status="PASS">
          <reporter-output>
          </reporter-output>
        </test-method> <!-- Phone -->
      </class> <!-- First_Code.Registraion -->
    </test> <!-- Test -->
  </suite> <!-- Suite -->
  <suite started-at="2024-12-26T04:07:13 GMT-05:00" name="Suite (0)" finished-at="2024-12-26T04:07:13 GMT-05:00" duration-ms="45">
    <groups>
    </groups>
    <test started-at="2024-12-26T04:07:13 GMT-05:00" name="Test" finished-at="2024-12-26T04:07:13 GMT-05:00" duration-ms="45">
      <class name="Second_Code.Login">
        <test-method signature="Password()[pri:0, instance:Second_Code.Login@350aac89]" started-at="2024-12-26T04:07:13 GMT-05:00" name="Password" finished-at="2024-12-26T04:07:13 GMT-05:00" duration-ms="3" status="PASS">
          <reporter-output>
          </reporter-output>
        </test-method> <!-- Password -->
        <test-method signature="email()[pri:0, instance:Second_Code.Login@350aac89]" started-at="2024-12-26T04:07:13 GMT-05:00" name="email" finished-at="2024-12-26T04:07:13 GMT-05:00" duration-ms="6" status="PASS">
          <reporter-output>
          </reporter-output>
        </test-method> <!-- email -->
      </class> <!-- Second_Code.Login -->
    </test> <!-- Test -->
  </suite> <!-- Suite (0) -->
  <suite started-at="2024-12-26T04:07:13 GMT-05:00" name="MasterSuite" finished-at="2024-12-26T04:07:13 GMT-05:00" duration-ms="0">
    <groups>
    </groups>
  </suite> <!-- MasterSuite -->
</testng-results>
