<?xml version="1.0" encoding="UTF-8"?>
<testng-results ignored="0" total="2" passed="2" failed="0" skipped="0">
  <reporter-output>
  </reporter-output>
  <suite started-at="2024-12-26T03:45:53 GMT-05:00" name="Default suite" finished-at="2024-12-26T03:45:53 GMT-05:00" duration-ms="362">
    <groups>
    </groups>
    <test started-at="2024-12-26T03:45:53 GMT-05:00" name="Default test" finished-at="2024-12-26T03:45:53 GMT-05:00" duration-ms="362">
      <class name="Second_Code.Login">
        <test-method signature="Password()[pri:0, instance:Second_Code.Login@63611043]" started-at="2024-12-26T03:45:53 GMT-05:00" name="Password" finished-at="2024-12-26T03:45:53 GMT-05:00" duration-ms="129" status="PASS">
          <reporter-output>
          </reporter-output>
        </test-method> <!-- Password -->
        <test-method signature="email()[pri:0, instance:Second_Code.Login@63611043]" started-at="2024-12-26T03:45:53 GMT-05:00" name="email" finished-at="2024-12-26T03:45:53 GMT-05:00" duration-ms="7" status="PASS">
          <reporter-output>
          </reporter-output>
        </test-method> <!-- email -->
      </class> <!-- Second_Code.Login -->
    </test> <!-- Default test -->
  </suite> <!-- Default suite -->
</testng-results>
